mkdir: cannot create directory ‘/home/jiahchen4/virtualenv’: File exists
Using base prefix '/usr/local/easybuild-2019/easybuild/software/compiler/gcccore/8.3.0/python/3.7.4'
New python executable in /home/jiahchen4/virtualenv/python3.7.4/bin/python
Installing setuptools, pip, wheel...
done.
Requirement already satisfied: numpy in /home/jiahchen4/virtualenv/python3.7.4/lib/python3.7/site-packages (1.21.6)
Requirement already satisfied: pandas in /home/jiahchen4/virtualenv/python3.7.4/lib/python3.7/site-packages (1.3.5)
Requirement already satisfied: python-dateutil>=2.7.3 in /home/jiahchen4/virtualenv/python3.7.4/lib/python3.7/site-packages (from pandas) (2.8.2)
Requirement already satisfied: numpy>=1.17.3 in /home/jiahchen4/virtualenv/python3.7.4/lib/python3.7/site-packages (from pandas) (1.21.6)
Requirement already satisfied: pytz>=2017.3 in /home/jiahchen4/virtualenv/python3.7.4/lib/python3.7/site-packages (from pandas) (2023.3)
Requirement already satisfied: six>=1.5 in /home/jiahchen4/virtualenv/python3.7.4/lib/python3.7/site-packages (from python-dateutil>=2.7.3->pandas) (1.16.0)
Requirement already satisfied: ijson in /home/jiahchen4/virtualenv/python3.7.4/lib/python3.7/site-packages (3.2.0.post0)
Processing tinyTwitter

Task 1: Count the number of different tweets made in the Greater Capital cities of Australia
             Greater Capital City  Number of Tweets Made
           1gsyd (Greater Sydney)                    216
        2gmel (Greater Melbourne)                    129
         3gbri (Greater Brisbane)                     46
         4gade (Greater Adelaide)                     20
            5gper (Greater Perth)                     72
           6ghob (Greater Hobart)                      7
           7gdar (Greater Darwin)                      4
         8acte (Greater Canberra)                     12
9oter (Greater Other Territories)                      0

Task 2: Identify the Twitter accounts (users) that have made the most tweets
Rank          Author Id  Number of Tweets Made
  #1           51378153                     32
  #2          384233102                     23
  #3          156677140                     17
  #4          213903403                     11
  #5         4648031797                      9
  #6           99367063                      9
  #7            7050962                      7
  #8 935936493201305601                      7
  #9           30839139                      7
 #10           20522796                      6

Task 3: Identify the users that have tweeted from the most different Greater Capital cities
Rank          Author Id Number of Unique City Locations and #Tweets
  #1           51378153                     1(#32 tweets - #32gper)
  #2          384233102                     1(#23 tweets - #23gsyd)
  #3          156677140                     1(#17 tweets - #17gsyd)
  #4          213903403                     1(#11 tweets - #11gbri)
  #5         4648031797                       1(#9 tweets - #9gsyd)
  #6           99367063                       1(#9 tweets - #9gmel)
  #7            7050962                       1(#7 tweets - #7gsyd)
  #8 935936493201305601                       1(#7 tweets - #7gmel)
  #9           30839139                       1(#7 tweets - #7gper)
 #10           20522796                       1(#6 tweets - #6gsyd)

Execution Time: 0.15s



real	0m1.562s
user	0m4.466s
sys	0m2.790s
Processing smallTwitter

Task 1: Count the number of different tweets made in the Greater Capital cities of Australia
             Greater Capital City  Number of Tweets Made
           1gsyd (Greater Sydney)                  28940
        2gmel (Greater Melbourne)                  32679
         3gbri (Greater Brisbane)                  10053
         4gade (Greater Adelaide)                   7379
            5gper (Greater Perth)                   7135
           6ghob (Greater Hobart)                    722
           7gdar (Greater Darwin)                    503
         8acte (Greater Canberra)                   2531
9oter (Greater Other Territories)                      0

Task 2: Identify the Twitter accounts (users) that have made the most tweets
Rank           Author Id  Number of Tweets Made
  #1            58194459                    605
  #2  778785859030003712                    492
  #3  820431428835885059                    462
  #4  765638249125703681                    394
  #5            67308556                    362
  #6 1250331934242123776                    317
  #7             7050962                    304
  #8 1089023364973219840                    301
  #9            63278996                    289
 #10  854992775640567808                    288

Task 3: Identify the users that have tweeted from the most different Greater Capital cities
Rank           Author Id                            Number of Unique City Locations and #Tweets
  #1  702290904460169216 7(#12 tweets - #2gsyd, #3gmel, #1gbri, #3gade, #1gper, #1ghob, #1gdar)
  #2  774694926135222272                  5(#5 tweets - #1gmel, #1gbri, #1gper, #1gdar, #1acte)
  #3           215292728                         4(#20 tweets - #5gsyd, #5gmel, #5gbri, #5gade)
  #4 1392242182715707395                             3(#258 tweets - #3gsyd, #241gmel, #14acte)
  #5 1348502962050535428                              3(#222 tweets - #2gsyd, #7gmel, #213acte)
  #6 1382217768649465858                                 3(#12 tweets - #1gade, #2gper, #9ghob)
  #7           702047220                                 3(#10 tweets - #4gbri, #2gper, #4ghob)
  #8            20122128                                        2(#79 tweets - #78gsyd, #1acte)
  #9 1027167886148689920                                       2(#76 tweets - #17gdar, #59acte)
 #10           350833995                                       2(#67 tweets - #47gmel, #20gper)

Execution Time: 0.86s



real	0m2.100s
user	0m8.576s
sys	0m3.065s
Processing bigTwitter

Task 1: Count the number of different tweets made in the Greater Capital cities of Australia
             Greater Capital City  Number of Tweets Made
           1gsyd (Greater Sydney)                2094134
        2gmel (Greater Melbourne)                2264847
         3gbri (Greater Brisbane)                 849138
         4gade (Greater Adelaide)                 461000
            5gper (Greater Perth)                 589318
           6ghob (Greater Hobart)                  90178
           7gdar (Greater Darwin)                  46273
         8acte (Greater Canberra)                 193825
9oter (Greater Other Territories)                      0

Task 2: Identify the Twitter accounts (users) that have made the most tweets
Rank           Author Id  Number of Tweets Made
  #1 1089023364973219840                  28128
  #2  826332877457481728                  27579
  #3 1250331934242123776                  25254
  #4 1423662808311287813                  21030
  #5 1183144981252280322                  20651
  #6  820431428835885059                  20063
  #7 1270672820792508417                  19801
  #8           233782487                  18179
  #9            84958532                  15676
 #10  719139700318081024                  15314

Task 3: Identify the users that have tweeted from the most different Greater Capital cities
Rank           Author Id                                                   Number of Unique City Locations and #Tweets
  #1 1429984556451389440         8(#1872 tweets - #10gsyd, #1832gmel, #6gbri, #2gade, #7gper, #1ghob, #1gdar, #13acte)
  #2            17285408       8(#1163 tweets - #1019gsyd, #57gmel, #40gbri, #3gade, #7gper, #11ghob, #4gdar, #22acte)
  #3  702290904460169216 8(#1082 tweets - #281gsyd, #240gmel, #198gbri, #111gade, #151gper, #38ghob, #19gdar, #44acte)
  #4            87188071       8(#388 tweets - #109gsyd, #82gmel, #65gbri, #29gade, #51gper, #14ghob, #5gdar, #33acte)
  #5          1361519083           8(#259 tweets - #11gsyd, #36gmel, #1gbri, #9gade, #1gper, #2ghob, #193gdar, #6acte)
  #6           502381727            8(#250 tweets - #2gsyd, #214gmel, #8gbri, #4gade, #3gper, #8ghob, #1gdar, #10acte)
  #7  921197448885886977          8(#203 tweets - #46gsyd, #57gmel, #37gbri, #24gade, #28gper, #4ghob, #1gdar, #6acte)
  #8           601712763         8(#146 tweets - #44gsyd, #39gmel, #11gbri, #19gade, #14gper, #8ghob, #1gdar, #10acte)
  #9          2647302752             8(#79 tweets - #13gsyd, #16gmel, #31gbri, #3gade, #4gper, #5ghob, #3gdar, #4acte)
 #10          3686036533          7(#2581 tweets - #401gsyd, #1546gmel, #91gbri, #47gade, #186gper, #84ghob, #226acte)

Execution Time: 52.45s



real	0m53.864s
user	6m10.027s
sys	0m43.448s
Job ID           : 46231354
Cluster          : spartan
User/Project     : jiahchen4/comp90024
Nodes            : 1
Wall-clock time  : 00:01:23 / 01:00:00

Displaying overall resources usage from 2023-04-09 22:38:26 to 2023-04-09 22:39:49:

NODE            CPU#        TOT%   ( USR   / SYS   / WIO   / IDLE  ) 

spartan-bm008 : 
                CPU# 1    : 47.4   (  42.3 /   5.2 /   0.0 /  52.6 ) 
                CPU# 2    : 47.0   (  42.6 /   4.3 /   0.0 /  53.0 ) 
                CPU# 3    : 47.6   (  42.4 /   5.2 /   0.2 /  52.2 ) 
                CPU# 4    : 72.3   (  66.8 /   5.6 /   0.0 /  27.7 ) 
                CPU# 5    : 48.2   (  44.1 /   4.1 /   0.0 /  51.7 ) 
                CPU# 6    : 54.3   (  49.5 /   4.8 /   0.6 /  45.0 ) 
                CPU# 7    : 47.9   (  43.8 /   4.1 /   0.2 /  52.0 ) 
                CPU# 8    : 47.9   (  43.6 /   4.3 /   0.1 /  52.1 ) 


Allocated CPUs            : 8    
  CPUs with usage <25%    : 0    
  CPUs with usage <50%    : 6    
  CPUs with usage >50%    : 2    

Memory used (RAM)         : 39.0%  [12488MB of 32000MB]

--------------------------------------------

