mkdir: cannot create directory ‘/home/jiahchen4/virtualenv’: File exists
Using base prefix '/usr/local/easybuild-2019/easybuild/software/compiler/gcccore/8.3.0/python/3.7.4'
New python executable in /home/jiahchen4/virtualenv/python3.7.4/bin/python
Installing setuptools, pip, wheel...
done.
Requirement already satisfied: numpy in /home/jiahchen4/virtualenv/python3.7.4/lib/python3.7/site-packages (1.21.6)
Requirement already satisfied: pandas in /home/jiahchen4/virtualenv/python3.7.4/lib/python3.7/site-packages (1.3.5)
Requirement already satisfied: pytz>=2017.3 in /home/jiahchen4/virtualenv/python3.7.4/lib/python3.7/site-packages (from pandas) (2023.3)
Requirement already satisfied: numpy>=1.17.3 in /home/jiahchen4/virtualenv/python3.7.4/lib/python3.7/site-packages (from pandas) (1.21.6)
Requirement already satisfied: python-dateutil>=2.7.3 in /home/jiahchen4/virtualenv/python3.7.4/lib/python3.7/site-packages (from pandas) (2.8.2)
Requirement already satisfied: six>=1.5 in /home/jiahchen4/virtualenv/python3.7.4/lib/python3.7/site-packages (from python-dateutil>=2.7.3->pandas) (1.16.0)
Requirement already satisfied: ijson in /home/jiahchen4/virtualenv/python3.7.4/lib/python3.7/site-packages (3.2.0.post0)

Task 1: Identify the Twitter accounts (users) that have made the most tweets
Rank           Author Id  Number of Tweets Made
  #1 1498063511204761601                  68477
  #2 1089023364973219840                  28128
  #3  826332877457481728                  27718
  #4 1250331934242123776                  25350
  #5 1423662808311287813                  21034
  #6 1183144981252280322                  20765
  #7 1270672820792508417                  20503
  #8  820431428835885059                  20063
  #9  778785859030003712                  19403
 #10 1104295492433764353                  18781

Task 2: Count the number of different tweets made in the Greater Capital cities of Australia
     Greater Capital City  Number of Tweets Made
   1gsyd (Greater Sydney)                2116799
2gmel (Greater Melbourne)                2286229
 3gbri (Greater Brisbane)                 857917
 4gade (Greater Adelaide)                 462592
    5gper (Greater Perth)                 589319
   6ghob (Greater Hobart)                  90672
   7gdar (Greater Darwin)                  46357
 8acte (Greater Canberra)                 202477

Task 3: Identify the users that have tweeted from the most different Greater Capital cities
Rank           Author Id                                                   Number of Unique City Locations and #Tweets
  #1  702290904460169216 8(#1129 tweets - #288gsyd, #252gmel, #218gbri, #113gade, #151gper, #41ghob, #20gdar, #46acte)
  #2 1429984556451389440         8(#1920 tweets - #10gsyd, #1880gmel, #6gbri, #2gade, #7gper, #1ghob, #1gdar, #13acte)
  #3            17285408       8(#1208 tweets - #1060gsyd, #60gmel, #40gbri, #3gade, #7gper, #11ghob, #4gdar, #23acte)
  #4            87188071       8(#395 tweets - #110gsyd, #86gmel, #65gbri, #29gade, #51gper, #15ghob, #5gdar, #34acte)
  #5  774694926135222272       8(#272 tweets - #37gsyd, #38gmel, #37gbri, #28gade, #34gper, #36ghob, #28gdar, #34acte)
  #6  921197448885886977          8(#205 tweets - #46gsyd, #58gmel, #37gbri, #24gade, #28gper, #4ghob, #1gdar, #7acte)
  #7          1361519083           8(#260 tweets - #12gsyd, #36gmel, #1gbri, #9gade, #1gper, #2ghob, #193gdar, #6acte)
  #8           502381727            8(#250 tweets - #2gsyd, #214gmel, #8gbri, #4gade, #3gper, #8ghob, #1gdar, #10acte)
  #9           601712763         8(#146 tweets - #44gsyd, #39gmel, #11gbri, #19gade, #14gper, #8ghob, #1gdar, #10acte)
 #10          2647302752             8(#80 tweets - #13gsyd, #16gmel, #32gbri, #3gade, #4gper, #5ghob, #3gdar, #4acte)

Execution Time: 52.91s



real	0m55.203s
user	6m14.708s
sys	0m41.634s
Job ID           : 46257054
Cluster          : spartan
User/Project     : jiahchen4/comp90024
Nodes            : 1
Wall-clock time  : 00:02:15 / 01:00:00

Displaying overall resources usage from 2023-04-10 19:37:21 to 2023-04-10 19:39:36:

NODE            CPU#        TOT%   ( USR   / SYS   / WIO   / IDLE  ) 

spartan-bm016 : 
                CPU# 1    : 32.4   (  28.7 /   3.7 /   1.3 /  66.3 ) 
                CPU# 2    : 32.5   (  28.4 /   4.2 /   0.2 /  67.2 ) 
                CPU# 3    : 32.2   (  28.5 /   3.7 /   0.1 /  67.7 ) 
                CPU# 4    : 32.5   (  28.7 /   3.8 /   0.9 /  66.5 ) 
                CPU# 5    : 31.7   (  27.9 /   3.8 /   0.0 /  68.2 ) 
                CPU# 6    : 32.1   (  28.2 /   3.9 /   0.4 /  67.5 ) 
                CPU# 7    : 42.0   (  37.9 /   4.0 /   0.8 /  57.3 ) 
                CPU# 8    : 32.3   (  28.7 /   3.6 /   0.1 /  67.6 ) 


Allocated CPUs            : 8    
  CPUs with usage <25%    : 0    
  CPUs with usage <50%    : 8    
  CPUs with usage >50%    : 0    

Memory used (RAM)         : 29.3%  [9377MB of 32000MB]

--------------------------------------------

