The following modules were not unloaded:
  (Use "module --force purge" to unload all):

  1) slurm/latest
Using base prefix '/usr/local/easybuild-2019/easybuild/software/compiler/gcccore/8.3.0/python/3.7.4'
New python executable in /home/jiahchen4/virtualenv/python3.7.4/bin/python
Installing setuptools, pip, wheel...
done.
Collecting numpy
  Downloading numpy-1.21.6-cp37-cp37m-manylinux_2_12_x86_64.manylinux2010_x86_64.whl (15.7 MB)
     ━━━━━━━━━━━━━━━━━━━━━━━━━━━━━━━━━━━━━━━━ 15.7/15.7 MB 95.7 MB/s eta 0:00:00
Installing collected packages: numpy
Successfully installed numpy-1.21.6
Collecting pandas
  Downloading pandas-1.3.5-cp37-cp37m-manylinux_2_17_x86_64.manylinux2014_x86_64.whl (11.3 MB)
     ━━━━━━━━━━━━━━━━━━━━━━━━━━━━━━━━━━━━━━━ 11.3/11.3 MB 107.2 MB/s eta 0:00:00
Requirement already satisfied: numpy>=1.17.3 in /home/jiahchen4/virtualenv/python3.7.4/lib/python3.7/site-packages (from pandas) (1.21.6)
Collecting python-dateutil>=2.7.3
  Downloading python_dateutil-2.8.2-py2.py3-none-any.whl (247 kB)
     ━━━━━━━━━━━━━━━━━━━━━━━━━━━━━━━━━━━━━━ 247.7/247.7 kB 36.2 MB/s eta 0:00:00
Collecting pytz>=2017.3
  Downloading pytz-2023.3-py2.py3-none-any.whl (502 kB)
     ━━━━━━━━━━━━━━━━━━━━━━━━━━━━━━━━━━━━━━ 502.3/502.3 kB 54.2 MB/s eta 0:00:00
Collecting six>=1.5
  Downloading six-1.16.0-py2.py3-none-any.whl (11 kB)
Installing collected packages: pytz, six, python-dateutil, pandas
Successfully installed pandas-1.3.5 python-dateutil-2.8.2 pytz-2023.3 six-1.16.0
Processing tinyTwitter

Task 1: Count the number of different tweets made in the Greater Capital cities of Australia
             Greater Capital City  Number of Tweets Made
           1gsyd (Greater Sydney)                    213
        2gmel (Greater Melbourne)                    128
         3gbri (Greater Brisbane)                     46
         4gade (Greater Adelaide)                     20
            5gper (Greater Perth)                     71
           6ghob (Greater Hobart)                      7
           7gdar (Greater Darwin)                      4
         8acte (Greater Canberra)                     12
9oter (Greater Other Territories)                      0

Task 2: Identify the Twitter accounts (users) that have made the most tweets
Rank          Author Id  Number of Tweets Made
  #1           51378153                     32
  #2          384233102                     23
  #3          156677140                     17
  #4          213903403                     11
  #5         4648031797                      9
  #6           99367063                      9
  #7            7050962                      7
  #8 935936493201305601                      7
  #9           30839139                      7
 #10           20522796                      6

Task 3: Identify the users that have tweeted from the most different Greater Capital cities
Rank          Author Id Number of Unique City Locations and #Tweets
  #1           51378153                      1(#32 tweets - 32gper)
  #2          384233102                      1(#23 tweets - 23gsyd)
  #3          156677140                      1(#17 tweets - 17gsyd)
  #4          213903403                      1(#11 tweets - 11gbri)
  #5         4648031797                        1(#9 tweets - 9gsyd)
  #6           99367063                        1(#9 tweets - 9gmel)
  #7            7050962                        1(#7 tweets - 7gsyd)
  #8 935936493201305601                        1(#7 tweets - 7gmel)
  #9           30839139                        1(#7 tweets - 7gper)
 #10           20522796                        1(#6 tweets - 6gsyd)

Data Processing Time: 0.06s

real	0m1.478s
user	0m3.530s
sys	0m3.050s
Processing smallTwitter

Task 1: Count the number of different tweets made in the Greater Capital cities of Australia
             Greater Capital City  Number of Tweets Made
           1gsyd (Greater Sydney)                  28933
        2gmel (Greater Melbourne)                  32545
         3gbri (Greater Brisbane)                   9994
         4gade (Greater Adelaide)                   7236
            5gper (Greater Perth)                   7084
           6ghob (Greater Hobart)                    722
           7gdar (Greater Darwin)                    503
         8acte (Greater Canberra)                   2510
9oter (Greater Other Territories)                      0

Task 2: Identify the Twitter accounts (users) that have made the most tweets
Rank           Author Id  Number of Tweets Made
  #1            58194459                    605
  #2  778785859030003712                    492
  #3  820431428835885059                    462
  #4  765638249125703681                    394
  #5            67308556                    362
  #6 1250331934242123776                    317
  #7             7050962                    304
  #8 1089023364973219840                    301
  #9            63278996                    289
 #10  854992775640567808                    288

Task 3: Identify the users that have tweeted from the most different Greater Capital cities
Rank           Author Id                     Number of Unique City Locations and #Tweets
  #1  702290904460169216 7(#11 tweets - 1gsyd, 3gmel, 1gbri, 3gade, 1gper, 1ghob, 1gdar)
  #2  774694926135222272                5(#5 tweets - 1gmel, 1gbri, 1gper, 1gdar, 1acte)
  #3           215292728                      4(#20 tweets - 5gsyd, 5gmel, 5gbri, 5gade)
  #4 1392242182715707395                         3(#258 tweets - 3gsyd, 241gmel, 14acte)
  #5 1348502962050535428                          3(#222 tweets - 2gsyd, 7gmel, 213acte)
  #6 1382217768649465858                             3(#12 tweets - 1gade, 2gper, 9ghob)
  #7           702047220                             3(#10 tweets - 4gbri, 2gper, 4ghob)
  #8            20122128                                   2(#79 tweets - 78gsyd, 1acte)
  #9 1027167886148689920                                  2(#76 tweets - 17gdar, 59acte)
 #10           350833995                                  2(#67 tweets - 47gmel, 20gper)

Data Processing Time: 1.87s

real	0m3.027s
user	0m17.660s
sys	0m2.547s
Processing bigTwitter

Task 1: Count the number of different tweets made in the Greater Capital cities of Australia
             Greater Capital City  Number of Tweets Made
           1gsyd (Greater Sydney)                2092898
        2gmel (Greater Melbourne)                2250432
         3gbri (Greater Brisbane)                 847523
         4gade (Greater Adelaide)                 449811
            5gper (Greater Perth)                 585970
           6ghob (Greater Hobart)                  89533
           7gdar (Greater Darwin)                  46267
         8acte (Greater Canberra)                 193643
9oter (Greater Other Territories)                      0

Task 2: Identify the Twitter accounts (users) that have made the most tweets
Rank           Author Id  Number of Tweets Made
  #1 1089023364973219840                  28128
  #2  826332877457481728                  27579
  #3 1250331934242123776                  25254
  #4 1423662808311287813                  21030
  #5 1183144981252280322                  20650
  #6  820431428835885059                  20063
  #7 1270672820792508417                  19801
  #8           233782487                  18179
  #9            84958532                  15676
 #10  719139700318081024                  15313

Task 3: Identify the users that have tweeted from the most different Greater Capital cities
Rank           Author Id                                           Number of Unique City Locations and #Tweets
  #1 1429984556451389440         8(#1872 tweets - 10gsyd, 1832gmel, 6gbri, 2gade, 7gper, 1ghob, 1gdar, 13acte)
  #2            17285408       8(#1163 tweets - 1019gsyd, 57gmel, 40gbri, 3gade, 7gper, 11ghob, 4gdar, 22acte)
  #3  702290904460169216 8(#1035 tweets - 276gsyd, 228gmel, 191gbri, 102gade, 140gper, 36ghob, 18gdar, 44acte)
  #4            87188071       8(#383 tweets - 108gsyd, 80gmel, 64gbri, 29gade, 50gper, 14ghob, 5gdar, 33acte)
  #5          1361519083           8(#259 tweets - 11gsyd, 36gmel, 1gbri, 9gade, 1gper, 2ghob, 193gdar, 6acte)
  #6           502381727            8(#250 tweets - 2gsyd, 214gmel, 8gbri, 4gade, 3gper, 8ghob, 1gdar, 10acte)
  #7  921197448885886977          8(#197 tweets - 46gsyd, 55gmel, 37gbri, 20gade, 28gper, 4ghob, 1gdar, 6acte)
  #8           601712763         8(#146 tweets - 44gsyd, 39gmel, 11gbri, 19gade, 14gper, 8ghob, 1gdar, 10acte)
  #9          2647302752             8(#79 tweets - 13gsyd, 16gmel, 31gbri, 3gade, 4gper, 5ghob, 3gdar, 4acte)
 #10          3686036533         7(#2581 tweets - 401gsyd, 1546gmel, 91gbri, 47gade, 186gper, 84ghob, 226acte)

Data Processing Time: 143.54s

real	2m25.359s
user	18m59.968s
sys	0m9.182s
Job ID           : 46197074
Cluster          : spartan
User/Project     : jiahchen4/comp90024
Nodes            : 1
Wall-clock time  : 00:03:06 / 01:00:00

Displaying overall resources usage from 2023-04-08 18:21:55 to 2023-04-08 18:25:01:

NODE            CPU#        TOT%   ( USR   / SYS   / WIO   / IDLE  ) 

spartan-bm097 : 
                CPU# 1    : 75.4   (  73.1 /   2.4 /   0.6 /  23.9 ) 
                CPU# 2    : 80.4   (  77.9 /   2.5 /   0.1 /  19.5 ) 
                CPU# 3    : 70.3   (  68.8 /   1.6 /   0.0 /  29.6 ) 
                CPU# 4    : 70.4   (  68.9 /   1.5 /   0.1 /  29.6 ) 
                CPU# 5    : 72.3   (  70.7 /   1.6 /   0.1 /  27.6 ) 
                CPU# 6    : 70.2   (  68.8 /   1.4 /   0.1 /  29.7 ) 
                CPU# 7    : 70.2   (  68.8 /   1.4 /   0.1 /  29.7 ) 
                CPU# 8    : 70.1   (  68.8 /   1.4 /   0.1 /  29.8 ) 


Allocated CPUs            : 8    
  CPUs with usage <25%    : 0    
  CPUs with usage <50%    : 0    
  CPUs with usage >50%    : 8    

Memory used (RAM)         : 3.9%  [1240MB of 32000MB]

--------------------------------------------

